<?xml version="1.0" encoding="UTF-8"?>
<root>
	<number><![CDATA[123]]></number>
	<text><![CDATA[Text]]></text>
</root>